-------------------------------------------------------------------------------
Test set: com.in28minutes.learnspringboot.LearnSpringBootApplicationTests
-------------------------------------------------------------------------------
Tests run: 1, Failures: 0, Errors: 1, Skipped: 0, Time elapsed: 0.693 s <<< FAILURE! - in com.in28minutes.learnspringboot.LearnSpringBootApplicationTests
com.in28minutes.learnspringboot.LearnSpringBootApplicationTests  Time elapsed: 0.691 s  <<< ERROR!
java.lang.IllegalStateException: Unable to find a @SpringBootConfiguration, you need to use @ContextConfiguration or @SpringBootTest(classes=...) with your test

