<?xml version="1.0" encoding="UTF-8"?>
<testsuite xmlns:xsi="http://www.w3.org/2001/XMLSchema-instance" xsi:noNamespaceSchemaLocation="https://maven.apache.org/surefire/maven-surefire-plugin/xsd/surefire-test-report.xsd" name="com.in28minutes.learnspringboot.LearnSpringBootApplicationTests" time="0.693" tests="1" errors="1" skipped="0" failures="0">
  <properties>
[...]
</properties>
  <testcase name="com.in28minutes.learnspringboot.LearnSpringBootApplicationTests" classname="com.in28minutes.learnspringboot.LearnSpringBootApplicationTests" time="0.691">
    <error message="Unable to find a @SpringBootConfiguration, you need to use @ContextConfiguration or @SpringBootTest(classes=...) with your test" type="java.lang.IllegalStateException">java.lang.IllegalStateException: Unable to find a @SpringBootConfiguration, you need to use @ContextConfiguration or @SpringBootTest(classes=...) with your test
</error>
    <system-out><![CDATA[12:46:23.783 [main] DEBUG org.springframework.test.context.BootstrapUtils - Instantiating CacheAwareContextLoaderDelegate from class [org.springframework.test.context.cache.DefaultCacheAwareContextLoaderDelegate]
12:46:23.800 [main] DEBUG org.springframework.test.context.BootstrapUtils - Instantiating BootstrapContext using constructor [public org.springframework.test.context.support.DefaultBootstrapContext(java.lang.Class,org.springframework.test.context.CacheAwareContextLoaderDelegate)]
12:46:23.963 [main] DEBUG org.springframework.test.context.BootstrapUtils - Instantiating TestContextBootstrapper for test class [com.in28minutes.learnspringboot.LearnSpringBootApplicationTests] from class [org.springframework.boot.test.context.SpringBootTestContextBootstrapper]
12:46:24.007 [main] INFO org.springframework.boot.test.context.SpringBootTestContextBootstrapper - Neither @ContextConfiguration nor @ContextHierarchy found for test class [com.in28minutes.learnspringboot.LearnSpringBootApplicationTests], using SpringBootContextLoader
12:46:24.023 [main] DEBUG org.springframework.test.context.support.AbstractContextLoader - Did not detect default resource location for test class [com.in28minutes.learnspringboot.LearnSpringBootApplicationTests]: class path resource [com/in28minutes/learnspringboot/LearnSpringBootApplicationTests-context.xml] does not exist
12:46:24.025 [main] DEBUG org.springframework.test.context.support.AbstractContextLoader - Did not detect default resource location for test class [com.in28minutes.learnspringboot.LearnSpringBootApplicationTests]: class path resource [com/in28minutes/learnspringboot/LearnSpringBootApplicationTestsContext.groovy] does not exist
12:46:24.026 [main] INFO org.springframework.test.context.support.AbstractContextLoader - Could not detect default resource locations for test class [com.in28minutes.learnspringboot.LearnSpringBootApplicationTests]: no resource found for suffixes {-context.xml, Context.groovy}.
12:46:24.028 [main] INFO org.springframework.test.context.support.AnnotationConfigContextLoaderUtils - Could not detect default configuration classes for test class [com.in28minutes.learnspringboot.LearnSpringBootApplicationTests]: LearnSpringBootApplicationTests does not declare any static, non-private, non-final, nested classes annotated with @Configuration.
12:46:24.186 [main] DEBUG org.springframework.test.context.support.ActiveProfilesUtils - Could not find an 'annotation declaring class' for annotation type [org.springframework.test.context.ActiveProfiles] and class [com.in28minutes.learnspringboot.LearnSpringBootApplicationTests]
]]></system-out>
  </testcase>
</testsuite>